<?xml version="1.0" encoding="UTF-8"?>
<!-- Generated by org.testng.reporters.JUnitReportReporter -->
<testsuite skipped="0" hostname="admin-PC" name="selenium_test.firstmavenproject.LoginPage" tests="1" failures="0" timestamp="12 Jan 2018 12:06:22 GMT" time="0.015" errors="0">
  <testcase name="Login" time="0.015" classname="selenium_test.firstmavenproject.LoginPage"/>
</testsuite> <!-- selenium_test.firstmavenproject.LoginPage -->
